elbread.dll ver. 1.0.5.375 Sat Nov 02 12:47:28 2013


--------------------------------------
Entity      | Architecture | Library
--------------------------------------
rsacore_tb  | behaviour    | rsa
RSACore     | behaviour    | rsa
control     | behaviour    | rsa
mux         | behaviour    | rsa
monpro      | behaviour    | rsa
residue     | behaviour    | rsa
outReg      | behaviour    | rsa
------------------------------------

---------------------------
Package         | Library
---------------------------
standard        | std
TEXTIO          | std
std_logic_1164  | ieee
NUMERIC_STD     | ieee
RSAconstants    | rsa
-------------------------
